{"D:\\学习\\前端-前进之路\\学习笔记（工作）\\jest\\前端自动化测试-Jest（技术胖）\\baojian.js": {"path":"D:\\学习\\前端-前进之路\\学习笔记（工作）\\jest\\前端自动化测试-Jest（技术胖）\\baojian.js","statementMap":{"0":{"start":{"line":2,"column":4},"end":{"line":2,"column":42}},"1":{"start":{"line":6,"column":4},"end":{"line":6,"column":37}},"2":{"start":{"line":9,"column":0},"end":{"line":11,"column":2}}},"fnMap":{"0":{"name":"baojian1","decl":{"start":{"line":1,"column":9},"end":{"line":1,"column":17}},"loc":{"start":{"line":1,"column":25},"end":{"line":3,"column":1}},"line":1},"1":{"name":"baojian2","decl":{"start":{"line":5,"column":9},"end":{"line":5,"column":17}},"loc":{"start":{"line":5,"column":25},"end":{"line":7,"column":1}},"line":5}},"branchMap":{"0":{"loc":{"start":{"line":2,"column":11},"end":{"line":2,"column":41}},"type":"cond-expr","locations":[{"start":{"line":2,"column":26},"end":{"line":2,"column":32}},{"start":{"line":2,"column":35},"end":{"line":2,"column":41}}],"line":2},"1":{"loc":{"start":{"line":6,"column":11},"end":{"line":6,"column":36}},"type":"cond-expr","locations":[{"start":{"line":6,"column":23},"end":{"line":6,"column":29}},{"start":{"line":6,"column":30},"end":{"line":6,"column":36}}],"line":6}},"s":{"0":1,"1":1,"2":1},"f":{"0":1,"1":1},"b":{"0":[1,0],"1":[1,0]},"_coverageSchema":"1a1c01bbd47fc00a2c39e90264f33305004495a9","hash":"7f5d48e935d1452bff01b22836f692b21453d30a"}
}
